<?xml version="1.0" encoding="UTF-8"?>
<coverage generated="1731240133272" clover="3.2.0">
  <project timestamp="1731240133272" name="All files">
    <metrics statements="20" coveredstatements="18" conditionals="8" coveredconditionals="6" methods="8" coveredmethods="6" elements="36" coveredelements="30" complexity="0" loc="20" ncloc="20" packages="2" files="4" classes="4"/>
    <package name="components">
      <metrics statements="19" coveredstatements="17" conditionals="8" coveredconditionals="6" methods="8" coveredmethods="6"/>
      <file name="CategoryListComponent.jsx" path="C:\Users\Nitin Shukla\Desktop\Projects\my-react-journey\chapter-02\src\components\CategoryListComponent.jsx">
        <metrics statements="6" coveredstatements="4" conditionals="2" coveredconditionals="1" methods="3" coveredmethods="1"/>
        <line num="5" count="1" type="stmt"/>
        <line num="7" count="4" type="stmt"/>
        <line num="9" count="4" type="stmt"/>
        <line num="10" count="0" type="stmt"/>
        <line num="13" count="4" type="stmt"/>
        <line num="17" count="0" type="stmt"/>
      </file>
      <file name="Contact.jsx" path="C:\Users\Nitin Shukla\Desktop\Projects\my-react-journey\chapter-02\src\components\Contact.jsx">
        <metrics statements="2" coveredstatements="2" conditionals="0" coveredconditionals="0" methods="1" coveredmethods="1"/>
        <line num="1" count="1" type="stmt"/>
        <line num="2" count="2" type="stmt"/>
      </file>
      <file name="RestaurantMenuCard.jsx" path="C:\Users\Nitin Shukla\Desktop\Projects\my-react-journey\chapter-02\src\components\RestaurantMenuCard.jsx">
        <metrics statements="11" coveredstatements="11" conditionals="6" coveredconditionals="5" methods="4" coveredmethods="4"/>
        <line num="8" count="1" type="stmt"/>
        <line num="10" count="4" type="stmt"/>
        <line num="12" count="3" type="stmt"/>
        <line num="14" count="3" type="stmt"/>
        <line num="26" count="3" type="stmt"/>
        <line num="27" count="38" type="stmt"/>
        <line num="31" count="3" type="cond" truecount="2" falsecount="0"/>
        <line num="33" count="2" type="cond" truecount="1" falsecount="1"/>
        <line num="35" count="2" type="stmt"/>
        <line num="40" count="10" type="cond" truecount="2" falsecount="0"/>
        <line num="41" count="1" type="stmt"/>
      </file>
    </package>
    <package name="utils">
      <metrics statements="1" coveredstatements="1" conditionals="0" coveredconditionals="0" methods="0" coveredmethods="0"/>
      <file name="appStore.jsx" path="C:\Users\Nitin Shukla\Desktop\Projects\my-react-journey\chapter-02\src\utils\appStore.jsx">
        <metrics statements="1" coveredstatements="1" conditionals="0" coveredconditionals="0" methods="0" coveredmethods="0"/>
        <line num="4" count="1" type="stmt"/>
      </file>
    </package>
  </project>
</coverage>
