<?xml version="1.0" encoding="UTF-8"?>
<coverage generated="1731132723844" clover="3.2.0">
  <project timestamp="1731132723844" name="All files">
    <metrics statements="39" coveredstatements="32" conditionals="4" coveredconditionals="2" methods="15" coveredmethods="8" elements="58" coveredelements="42" complexity="0" loc="39" ncloc="39" packages="3" files="9" classes="9"/>
    <package name="components">
      <metrics statements="21" coveredstatements="19" conditionals="4" coveredconditionals="2" methods="8" coveredmethods="6"/>
      <file name="CardComponent.jsx" path="C:\Users\Nitin Shukla\Desktop\Projects\my-react-journey\chapter-02\src\components\CardComponent.jsx">
        <metrics statements="9" coveredstatements="7" conditionals="0" coveredconditionals="0" methods="3" coveredmethods="1"/>
        <line num="5" count="1" type="stmt"/>
        <line num="6" count="1" type="stmt"/>
        <line num="7" count="1" type="stmt"/>
        <line num="9" count="1" type="stmt"/>
        <line num="11" count="1" type="stmt"/>
        <line num="12" count="1" type="stmt"/>
        <line num="30" count="1" type="stmt"/>
        <line num="31" count="0" type="stmt"/>
        <line num="32" count="0" type="stmt"/>
      </file>
      <file name="Contact.jsx" path="C:\Users\Nitin Shukla\Desktop\Projects\my-react-journey\chapter-02\src\components\Contact.jsx">
        <metrics statements="2" coveredstatements="2" conditionals="0" coveredconditionals="0" methods="1" coveredmethods="1"/>
        <line num="1" count="1" type="stmt"/>
        <line num="2" count="2" type="stmt"/>
      </file>
      <file name="Header.jsx" path="C:\Users\Nitin Shukla\Desktop\Projects\my-react-journey\chapter-02\src\components\Header.jsx">
        <metrics statements="8" coveredstatements="8" conditionals="4" coveredconditionals="2" methods="3" coveredmethods="3"/>
        <line num="8" count="1" type="stmt"/>
        <line num="10" count="4" type="stmt"/>
        <line num="12" count="4" type="stmt"/>
        <line num="14" count="4" type="stmt"/>
        <line num="18" count="7" type="stmt"/>
        <line num="19" count="4" type="stmt"/>
        <line num="21" count="4" type="stmt"/>
        <line num="38" count="1" type="cond" truecount="1" falsecount="1"/>
      </file>
      <file name="sum.jsx" path="C:\Users\Nitin Shukla\Desktop\Projects\my-react-journey\chapter-02\src\components\sum.jsx">
        <metrics statements="2" coveredstatements="2" conditionals="0" coveredconditionals="0" methods="1" coveredmethods="1"/>
        <line num="1" count="1" type="stmt"/>
        <line num="2" count="1" type="stmt"/>
      </file>
    </package>
    <package name="utils">
      <metrics statements="13" coveredstatements="11" conditionals="0" coveredconditionals="0" methods="4" coveredmethods="2"/>
      <file name="UserContext.jsx" path="C:\Users\Nitin Shukla\Desktop\Projects\my-react-journey\chapter-02\src\utils\UserContext.jsx">
        <metrics statements="1" coveredstatements="1" conditionals="0" coveredconditionals="0" methods="0" coveredmethods="0"/>
        <line num="3" count="2" type="stmt"/>
      </file>
      <file name="appStore.jsx" path="C:\Users\Nitin Shukla\Desktop\Projects\my-react-journey\chapter-02\src\utils\appStore.jsx">
        <metrics statements="1" coveredstatements="1" conditionals="0" coveredconditionals="0" methods="0" coveredmethods="0"/>
        <line num="4" count="1" type="stmt"/>
      </file>
      <file name="constants.jsx" path="C:\Users\Nitin Shukla\Desktop\Projects\my-react-journey\chapter-02\src\utils\constants.jsx">
        <metrics statements="3" coveredstatements="3" conditionals="0" coveredconditionals="0" methods="0" coveredmethods="0"/>
        <line num="1" count="2" type="stmt"/>
        <line num="3" count="2" type="stmt"/>
        <line num="5" count="2" type="stmt"/>
      </file>
      <file name="useOnlineStatus.jsx" path="C:\Users\Nitin Shukla\Desktop\Projects\my-react-journey\chapter-02\src\utils\useOnlineStatus.jsx">
        <metrics statements="8" coveredstatements="6" conditionals="0" coveredconditionals="0" methods="4" coveredmethods="2"/>
        <line num="5" count="1" type="stmt"/>
        <line num="7" count="4" type="stmt"/>
        <line num="9" count="4" type="stmt"/>
        <line num="10" count="3" type="stmt"/>
        <line num="11" count="0" type="stmt"/>
        <line num="14" count="3" type="stmt"/>
        <line num="15" count="0" type="stmt"/>
        <line num="20" count="4" type="stmt"/>
      </file>
    </package>
    <package name="utils.appStoreSlices">
      <metrics statements="5" coveredstatements="2" conditionals="0" coveredconditionals="0" methods="3" coveredmethods="0"/>
      <file name="cartSlice.jsx" path="C:\Users\Nitin Shukla\Desktop\Projects\my-react-journey\chapter-02\src\utils\appStoreSlices\cartSlice.jsx">
        <metrics statements="5" coveredstatements="2" conditionals="0" coveredconditionals="0" methods="3" coveredmethods="0"/>
        <line num="3" count="1" type="stmt"/>
        <line num="10" count="0" type="stmt"/>
        <line num="13" count="0" type="stmt"/>
        <line num="16" count="0" type="stmt"/>
        <line num="21" count="1" type="stmt"/>
      </file>
    </package>
  </project>
</coverage>
