{"C:\\Users\\Nitin Shukla\\Desktop\\Projects\\my-react-journey\\chapter-02\\src\\components\\Cart.jsx": {"path":"C:\\Users\\Nitin Shukla\\Desktop\\Projects\\my-react-journey\\chapter-02\\src\\components\\Cart.jsx","statementMap":{"0":{"start":{"line":5,"column":13},"end":{"line":25,"column":1}},"1":{"start":{"line":7,"column":27},"end":{"line":7,"column":67}},"2":{"start":{"line":7,"column":50},"end":{"line":7,"column":66}},"3":{"start":{"line":8,"column":21},"end":{"line":8,"column":34}},"4":{"start":{"line":9,"column":4},"end":{"line":9,"column":39}},"5":{"start":{"line":11,"column":28},"end":{"line":13,"column":5}},"6":{"start":{"line":12,"column":6},"end":{"line":12,"column":28}},"7":{"start":{"line":15,"column":2},"end":{"line":24,"column":3}},"8":{"start":{"line":21,"column":39},"end":{"line":21,"column":83}}},"fnMap":{"0":{"name":"(anonymous_0)","decl":{"start":{"line":5,"column":13},"end":{"line":5,"column":14}},"loc":{"start":{"line":5,"column":19},"end":{"line":25,"column":1}},"line":5},"1":{"name":"(anonymous_1)","decl":{"start":{"line":7,"column":39},"end":{"line":7,"column":40}},"loc":{"start":{"line":7,"column":50},"end":{"line":7,"column":66}},"line":7},"2":{"name":"(anonymous_2)","decl":{"start":{"line":11,"column":28},"end":{"line":11,"column":29}},"loc":{"start":{"line":11,"column":34},"end":{"line":13,"column":5}},"line":11},"3":{"name":"(anonymous_3)","decl":{"start":{"line":21,"column":30},"end":{"line":21,"column":31}},"loc":{"start":{"line":21,"column":39},"end":{"line":21,"column":83}},"line":21}},"branchMap":{"0":{"loc":{"start":{"line":20,"column":11},"end":{"line":20,"column":104}},"type":"binary-expr","locations":[{"start":{"line":20,"column":11},"end":{"line":20,"column":38}},{"start":{"line":20,"column":43},"end":{"line":20,"column":103}}],"line":20}},"s":{"0":1,"1":4,"2":6,"3":3,"4":3,"5":3,"6":1,"7":3,"8":1},"f":{"0":4,"1":6,"2":1,"3":1},"b":{"0":[3,2]},"_coverageSchema":"1a1c01bbd47fc00a2c39e90264f33305004495a9","hash":"0b02806aaffc2cf5ff539de3528e783a5b8acb4d"}
,"C:\\Users\\Nitin Shukla\\Desktop\\Projects\\my-react-journey\\chapter-02\\src\\components\\Header.jsx": {"path":"C:\\Users\\Nitin Shukla\\Desktop\\Projects\\my-react-journey\\chapter-02\\src\\components\\Header.jsx","statementMap":{"0":{"start":{"line":8,"column":22},"end":{"line":45,"column":1}},"1":{"start":{"line":10,"column":32},"end":{"line":10,"column":53}},"2":{"start":{"line":12,"column":23},"end":{"line":12,"column":40}},"3":{"start":{"line":14,"column":27},"end":{"line":14,"column":50}},"4":{"start":{"line":18,"column":20},"end":{"line":18,"column":60}},"5":{"start":{"line":18,"column":43},"end":{"line":18,"column":59}},"6":{"start":{"line":19,"column":2},"end":{"line":19,"column":25}},"7":{"start":{"line":21,"column":2},"end":{"line":44,"column":4}},"8":{"start":{"line":38,"column":12},"end":{"line":38,"column":80}}},"fnMap":{"0":{"name":"(anonymous_0)","decl":{"start":{"line":8,"column":22},"end":{"line":8,"column":23}},"loc":{"start":{"line":8,"column":28},"end":{"line":45,"column":1}},"line":8},"1":{"name":"(anonymous_1)","decl":{"start":{"line":18,"column":32},"end":{"line":18,"column":33}},"loc":{"start":{"line":18,"column":43},"end":{"line":18,"column":59}},"line":18},"2":{"name":"(anonymous_2)","decl":{"start":{"line":37,"column":23},"end":{"line":37,"column":24}},"loc":{"start":{"line":37,"column":27},"end":{"line":39,"column":11}},"line":37}},"branchMap":{"0":{"loc":{"start":{"line":31,"column":75},"end":{"line":31,"column":115}},"type":"cond-expr","locations":[{"start":{"line":31,"column":90},"end":{"line":31,"column":101}},{"start":{"line":31,"column":104},"end":{"line":31,"column":115}}],"line":31},"1":{"loc":{"start":{"line":38,"column":12},"end":{"line":38,"column":79}},"type":"cond-expr","locations":[{"start":{"line":38,"column":34},"end":{"line":38,"column":56}},{"start":{"line":38,"column":58},"end":{"line":38,"column":79}}],"line":38}},"s":{"0":1,"1":3,"2":3,"3":3,"4":3,"5":6,"6":3,"7":3,"8":0},"f":{"0":3,"1":6,"2":0},"b":{"0":[3,0],"1":[0,0]},"_coverageSchema":"1a1c01bbd47fc00a2c39e90264f33305004495a9","hash":"42419a96a56da3df9d8631be1999683bf3674735"}
,"C:\\Users\\Nitin Shukla\\Desktop\\Projects\\my-react-journey\\chapter-02\\src\\components\\RestaurantMenuCard.jsx": {"path":"C:\\Users\\Nitin Shukla\\Desktop\\Projects\\my-react-journey\\chapter-02\\src\\components\\RestaurantMenuCard.jsx","statementMap":{"0":{"start":{"line":8,"column":27},"end":{"line":46,"column":1}},"1":{"start":{"line":10,"column":15},"end":{"line":10,"column":26}},"2":{"start":{"line":12,"column":18},"end":{"line":12,"column":43}},"3":{"start":{"line":14,"column":36},"end":{"line":14,"column":50}},"4":{"start":{"line":26,"column":21},"end":{"line":28,"column":4}},"5":{"start":{"line":27,"column":4},"end":{"line":27,"column":101}},"6":{"start":{"line":31,"column":2},"end":{"line":31,"column":42}},"7":{"start":{"line":31,"column":22},"end":{"line":31,"column":42}},"8":{"start":{"line":33,"column":77},"end":{"line":33,"column":120}},"9":{"start":{"line":35,"column":2},"end":{"line":45,"column":4}},"10":{"start":{"line":40,"column":8},"end":{"line":42,"column":12}},"11":{"start":{"line":41,"column":10},"end":{"line":41,"column":30}}},"fnMap":{"0":{"name":"(anonymous_0)","decl":{"start":{"line":8,"column":27},"end":{"line":8,"column":28}},"loc":{"start":{"line":8,"column":33},"end":{"line":46,"column":1}},"line":8},"1":{"name":"(anonymous_1)","decl":{"start":{"line":26,"column":92},"end":{"line":26,"column":93}},"loc":{"start":{"line":26,"column":99},"end":{"line":28,"column":3}},"line":26},"2":{"name":"(anonymous_2)","decl":{"start":{"line":39,"column":22},"end":{"line":39,"column":23}},"loc":{"start":{"line":39,"column":43},"end":{"line":43,"column":7}},"line":39},"3":{"name":"(anonymous_3)","decl":{"start":{"line":40,"column":120},"end":{"line":40,"column":121}},"loc":{"start":{"line":40,"column":126},"end":{"line":42,"column":9}},"line":40}},"branchMap":{"0":{"loc":{"start":{"line":31,"column":2},"end":{"line":31,"column":42}},"type":"if","locations":[{"start":{"line":31,"column":2},"end":{"line":31,"column":42}},{"start":{},"end":{}}],"line":31},"1":{"loc":{"start":{"line":33,"column":77},"end":{"line":33,"column":120}},"type":"binary-expr","locations":[{"start":{"line":33,"column":77},"end":{"line":33,"column":114}},{"start":{"line":33,"column":118},"end":{"line":33,"column":120}}],"line":33},"2":{"loc":{"start":{"line":40,"column":75},"end":{"line":40,"column":108}},"type":"cond-expr","locations":[{"start":{"line":40,"column":96},"end":{"line":40,"column":100}},{"start":{"line":40,"column":103},"end":{"line":40,"column":108}}],"line":40}},"s":{"0":1,"1":4,"2":3,"3":3,"4":3,"5":56,"6":3,"7":1,"8":2,"9":2,"10":48,"11":1},"f":{"0":4,"1":56,"2":48,"3":1},"b":{"0":[1,2],"1":[2,0],"2":[1,47]},"_coverageSchema":"1a1c01bbd47fc00a2c39e90264f33305004495a9","hash":"151aae7fa41f4502f5c47cacd181a1ea670cfa22"}
,"C:\\Users\\Nitin Shukla\\Desktop\\Projects\\my-react-journey\\chapter-02\\src\\utils\\appStore.jsx": {"path":"C:\\Users\\Nitin Shukla\\Desktop\\Projects\\my-react-journey\\chapter-02\\src\\utils\\appStore.jsx","statementMap":{"0":{"start":{"line":4,"column":17},"end":{"line":8,"column":2}}},"fnMap":{},"branchMap":{},"s":{"0":1},"f":{},"b":{},"_coverageSchema":"1a1c01bbd47fc00a2c39e90264f33305004495a9","hash":"703b31a2e675a92e55809937d4fe2f34fee93e76"}
}
