{"C:\\Users\\Nitin Shukla\\Desktop\\Projects\\my-react-journey\\chapter-02\\src\\components\\CardComponent.jsx": {"path":"C:\\Users\\Nitin Shukla\\Desktop\\Projects\\my-react-journey\\chapter-02\\src\\components\\CardComponent.jsx","statementMap":{"0":{"start":{"line":5,"column":22},"end":{"line":25,"column":3}},"1":{"start":{"line":6,"column":24},"end":{"line":6,"column":29}},"2":{"start":{"line":7,"column":4},"end":{"line":7,"column":25}},"3":{"start":{"line":9,"column":29},"end":{"line":9,"column":52}},"4":{"start":{"line":11,"column":54},"end":{"line":11,"column":66}},"5":{"start":{"line":12,"column":4},"end":{"line":24,"column":6}},"6":{"start":{"line":30,"column":33},"end":{"line":39,"column":1}},"7":{"start":{"line":31,"column":2},"end":{"line":38,"column":3}},"8":{"start":{"line":32,"column":4},"end":{"line":37,"column":5}}},"fnMap":{"0":{"name":"(anonymous_0)","decl":{"start":{"line":5,"column":22},"end":{"line":5,"column":23}},"loc":{"start":{"line":5,"column":33},"end":{"line":25,"column":3}},"line":5},"1":{"name":"(anonymous_1)","decl":{"start":{"line":30,"column":33},"end":{"line":30,"column":34}},"loc":{"start":{"line":30,"column":51},"end":{"line":39,"column":1}},"line":30},"2":{"name":"(anonymous_2)","decl":{"start":{"line":31,"column":9},"end":{"line":31,"column":10}},"loc":{"start":{"line":31,"column":20},"end":{"line":38,"column":3}},"line":31}},"branchMap":{},"s":{"0":1,"1":1,"2":1,"3":1,"4":1,"5":1,"6":1,"7":0,"8":0},"f":{"0":1,"1":0,"2":0},"b":{},"_coverageSchema":"1a1c01bbd47fc00a2c39e90264f33305004495a9","hash":"4b7ca53dbdbd33a33ba2c46e7f39818de2034c95"}
,"C:\\Users\\Nitin Shukla\\Desktop\\Projects\\my-react-journey\\chapter-02\\src\\components\\Contact.jsx": {"path":"C:\\Users\\Nitin Shukla\\Desktop\\Projects\\my-react-journey\\chapter-02\\src\\components\\Contact.jsx","statementMap":{"0":{"start":{"line":1,"column":16},"end":{"line":11,"column":1}},"1":{"start":{"line":2,"column":2},"end":{"line":10,"column":4}}},"fnMap":{"0":{"name":"(anonymous_0)","decl":{"start":{"line":1,"column":16},"end":{"line":1,"column":17}},"loc":{"start":{"line":1,"column":22},"end":{"line":11,"column":1}},"line":1}},"branchMap":{},"s":{"0":1,"1":2},"f":{"0":2},"b":{},"_coverageSchema":"1a1c01bbd47fc00a2c39e90264f33305004495a9","hash":"6132080268e21b01de880928943154c3eb4ebe11"}
,"C:\\Users\\Nitin Shukla\\Desktop\\Projects\\my-react-journey\\chapter-02\\src\\components\\Header.jsx": {"path":"C:\\Users\\Nitin Shukla\\Desktop\\Projects\\my-react-journey\\chapter-02\\src\\components\\Header.jsx","statementMap":{"0":{"start":{"line":8,"column":22},"end":{"line":45,"column":1}},"1":{"start":{"line":10,"column":32},"end":{"line":10,"column":53}},"2":{"start":{"line":12,"column":23},"end":{"line":12,"column":40}},"3":{"start":{"line":14,"column":27},"end":{"line":14,"column":50}},"4":{"start":{"line":18,"column":20},"end":{"line":18,"column":60}},"5":{"start":{"line":18,"column":43},"end":{"line":18,"column":59}},"6":{"start":{"line":19,"column":2},"end":{"line":19,"column":25}},"7":{"start":{"line":21,"column":2},"end":{"line":44,"column":4}},"8":{"start":{"line":38,"column":12},"end":{"line":38,"column":80}}},"fnMap":{"0":{"name":"(anonymous_0)","decl":{"start":{"line":8,"column":22},"end":{"line":8,"column":23}},"loc":{"start":{"line":8,"column":28},"end":{"line":45,"column":1}},"line":8},"1":{"name":"(anonymous_1)","decl":{"start":{"line":18,"column":32},"end":{"line":18,"column":33}},"loc":{"start":{"line":18,"column":43},"end":{"line":18,"column":59}},"line":18},"2":{"name":"(anonymous_2)","decl":{"start":{"line":37,"column":23},"end":{"line":37,"column":24}},"loc":{"start":{"line":37,"column":27},"end":{"line":39,"column":11}},"line":37}},"branchMap":{"0":{"loc":{"start":{"line":31,"column":75},"end":{"line":31,"column":115}},"type":"cond-expr","locations":[{"start":{"line":31,"column":90},"end":{"line":31,"column":101}},{"start":{"line":31,"column":104},"end":{"line":31,"column":115}}],"line":31},"1":{"loc":{"start":{"line":38,"column":12},"end":{"line":38,"column":79}},"type":"cond-expr","locations":[{"start":{"line":38,"column":34},"end":{"line":38,"column":56}},{"start":{"line":38,"column":58},"end":{"line":38,"column":79}}],"line":38}},"s":{"0":1,"1":4,"2":4,"3":4,"4":4,"5":7,"6":4,"7":4,"8":1},"f":{"0":4,"1":7,"2":1},"b":{"0":[4,0],"1":[1,0]},"_coverageSchema":"1a1c01bbd47fc00a2c39e90264f33305004495a9","hash":"42419a96a56da3df9d8631be1999683bf3674735"}
,"C:\\Users\\Nitin Shukla\\Desktop\\Projects\\my-react-journey\\chapter-02\\src\\components\\sum.jsx": {"path":"C:\\Users\\Nitin Shukla\\Desktop\\Projects\\my-react-journey\\chapter-02\\src\\components\\sum.jsx","statementMap":{"0":{"start":{"line":1,"column":12},"end":{"line":3,"column":1}},"1":{"start":{"line":2,"column":4},"end":{"line":2,"column":15}}},"fnMap":{"0":{"name":"(anonymous_0)","decl":{"start":{"line":1,"column":12},"end":{"line":1,"column":13}},"loc":{"start":{"line":1,"column":22},"end":{"line":3,"column":1}},"line":1}},"branchMap":{},"s":{"0":1,"1":1},"f":{"0":1},"b":{},"_coverageSchema":"1a1c01bbd47fc00a2c39e90264f33305004495a9","hash":"b281507dd241aa2998fe4a4e501ca94b7b9d7167"}
,"C:\\Users\\Nitin Shukla\\Desktop\\Projects\\my-react-journey\\chapter-02\\src\\utils\\UserContext.jsx": {"path":"C:\\Users\\Nitin Shukla\\Desktop\\Projects\\my-react-journey\\chapter-02\\src\\utils\\UserContext.jsx","statementMap":{"0":{"start":{"line":3,"column":20},"end":{"line":5,"column":2}}},"fnMap":{},"branchMap":{},"s":{"0":2},"f":{},"b":{},"_coverageSchema":"1a1c01bbd47fc00a2c39e90264f33305004495a9","hash":"d167be9473cb8cd17211d9a62305542809452ec9"}
,"C:\\Users\\Nitin Shukla\\Desktop\\Projects\\my-react-journey\\chapter-02\\src\\utils\\appStore.jsx": {"path":"C:\\Users\\Nitin Shukla\\Desktop\\Projects\\my-react-journey\\chapter-02\\src\\utils\\appStore.jsx","statementMap":{"0":{"start":{"line":4,"column":17},"end":{"line":8,"column":2}}},"fnMap":{},"branchMap":{},"s":{"0":1},"f":{},"b":{},"_coverageSchema":"1a1c01bbd47fc00a2c39e90264f33305004495a9","hash":"703b31a2e675a92e55809937d4fe2f34fee93e76"}
,"C:\\Users\\Nitin Shukla\\Desktop\\Projects\\my-react-journey\\chapter-02\\src\\utils\\constants.jsx": {"path":"C:\\Users\\Nitin Shukla\\Desktop\\Projects\\my-react-journey\\chapter-02\\src\\utils\\constants.jsx","statementMap":{"0":{"start":{"line":1,"column":23},"end":{"line":1,"column":106}},"1":{"start":{"line":3,"column":24},"end":{"line":3,"column":229}},"2":{"start":{"line":5,"column":24},"end":{"line":5,"column":141}}},"fnMap":{},"branchMap":{},"s":{"0":2,"1":2,"2":2},"f":{},"b":{},"_coverageSchema":"1a1c01bbd47fc00a2c39e90264f33305004495a9","hash":"a9889fb10628b948bf5969d67b8f06eb9e676168"}
,"C:\\Users\\Nitin Shukla\\Desktop\\Projects\\my-react-journey\\chapter-02\\src\\utils\\useOnlineStatus.jsx": {"path":"C:\\Users\\Nitin Shukla\\Desktop\\Projects\\my-react-journey\\chapter-02\\src\\utils\\useOnlineStatus.jsx","statementMap":{"0":{"start":{"line":5,"column":24},"end":{"line":21,"column":1}},"1":{"start":{"line":7,"column":32},"end":{"line":7,"column":46}},"2":{"start":{"line":9,"column":4},"end":{"line":18,"column":10}},"3":{"start":{"line":10,"column":8},"end":{"line":12,"column":11}},"4":{"start":{"line":11,"column":12},"end":{"line":11,"column":28}},"5":{"start":{"line":14,"column":8},"end":{"line":16,"column":10}},"6":{"start":{"line":15,"column":12},"end":{"line":15,"column":29}},"7":{"start":{"line":20,"column":4},"end":{"line":20,"column":18}}},"fnMap":{"0":{"name":"(anonymous_0)","decl":{"start":{"line":5,"column":24},"end":{"line":5,"column":25}},"loc":{"start":{"line":5,"column":30},"end":{"line":21,"column":1}},"line":5},"1":{"name":"(anonymous_1)","decl":{"start":{"line":9,"column":14},"end":{"line":9,"column":15}},"loc":{"start":{"line":9,"column":20},"end":{"line":18,"column":5}},"line":9},"2":{"name":"(anonymous_2)","decl":{"start":{"line":10,"column":42},"end":{"line":10,"column":43}},"loc":{"start":{"line":10,"column":52},"end":{"line":12,"column":9}},"line":10},"3":{"name":"(anonymous_3)","decl":{"start":{"line":14,"column":43},"end":{"line":14,"column":44}},"loc":{"start":{"line":14,"column":53},"end":{"line":16,"column":9}},"line":14}},"branchMap":{},"s":{"0":1,"1":4,"2":4,"3":3,"4":0,"5":3,"6":0,"7":4},"f":{"0":4,"1":3,"2":0,"3":0},"b":{},"_coverageSchema":"1a1c01bbd47fc00a2c39e90264f33305004495a9","hash":"aaef3ed387e679365b60d5dff3f0cba7b71b3a2e"}
,"C:\\Users\\Nitin Shukla\\Desktop\\Projects\\my-react-journey\\chapter-02\\src\\utils\\appStoreSlices\\cartSlice.jsx": {"path":"C:\\Users\\Nitin Shukla\\Desktop\\Projects\\my-react-journey\\chapter-02\\src\\utils\\appStoreSlices\\cartSlice.jsx","statementMap":{"0":{"start":{"line":3,"column":18},"end":{"line":19,"column":2}},"1":{"start":{"line":10,"column":12},"end":{"line":10,"column":45}},"2":{"start":{"line":13,"column":12},"end":{"line":13,"column":30}},"3":{"start":{"line":16,"column":12},"end":{"line":16,"column":35}},"4":{"start":{"line":21,"column":48},"end":{"line":21,"column":65}}},"fnMap":{"0":{"name":"(anonymous_0)","decl":{"start":{"line":9,"column":18},"end":{"line":9,"column":19}},"loc":{"start":{"line":9,"column":37},"end":{"line":11,"column":9}},"line":9},"1":{"name":"(anonymous_1)","decl":{"start":{"line":12,"column":21},"end":{"line":12,"column":22}},"loc":{"start":{"line":12,"column":40},"end":{"line":14,"column":9}},"line":12},"2":{"name":"(anonymous_2)","decl":{"start":{"line":15,"column":20},"end":{"line":15,"column":21}},"loc":{"start":{"line":15,"column":39},"end":{"line":17,"column":9}},"line":15}},"branchMap":{},"s":{"0":1,"1":0,"2":0,"3":0,"4":1},"f":{"0":0,"1":0,"2":0},"b":{},"_coverageSchema":"1a1c01bbd47fc00a2c39e90264f33305004495a9","hash":"a36d3de07f6746d36bf10c3fc4811dbfd03263f4"}
}
