TN:
SF:src\components\Body.jsx
FN:7,(anonymous_0)
FN:16,(anonymous_1)
FN:20,(anonymous_2)
FN:22,(anonymous_3)
FN:27,(anonymous_4)
FN:41,(anonymous_5)
FN:63,(anonymous_6)
FN:67,(anonymous_7)
FN:68,(anonymous_8)
FN:80,(anonymous_9)
FN:82,(anonymous_10)
FN:91,(anonymous_11)
FN:95,(anonymous_12)
FNF:13
FNH:6
FNDA:2,(anonymous_0)
FNDA:1,(anonymous_1)
FNDA:2,(anonymous_2)
FNDA:2,(anonymous_3)
FNDA:1,(anonymous_4)
FNDA:0,(anonymous_5)
FNDA:0,(anonymous_6)
FNDA:0,(anonymous_7)
FNDA:0,(anonymous_8)
FNDA:0,(anonymous_9)
FNDA:0,(anonymous_10)
FNDA:0,(anonymous_11)
FNDA:12,(anonymous_12)
DA:7,1
DA:8,2
DA:9,2
DA:10,2
DA:12,2
DA:14,2
DA:16,2
DA:17,1
DA:20,2
DA:21,2
DA:22,2
DA:23,2
DA:27,2
DA:28,1
DA:31,1
DA:32,1
DA:35,1
DA:37,1
DA:38,1
DA:41,2
DA:42,0
DA:45,0
DA:46,0
DA:47,0
DA:52,2
DA:63,0
DA:68,0
DA:69,0
DA:71,0
DA:81,0
DA:82,0
DA:84,0
DA:91,0
DA:96,12
LF:34
LH:22
BRDA:35,0,0,1
BRDA:35,0,1,0
BRDA:42,1,0,0
BRDA:42,1,1,0
BRDA:46,2,0,0
BRDA:46,2,1,0
BRDA:52,3,0,1
BRDA:52,3,1,1
BRDA:100,4,0,12
BRDA:100,4,1,0
BRF:10
BRH:4
end_of_record
TN:
SF:src\components\CardComponent.jsx
FN:5,(anonymous_0)
FN:30,(anonymous_1)
FN:31,(anonymous_2)
FNF:3
FNH:3
FNDA:14,(anonymous_0)
FNDA:3,(anonymous_1)
FNDA:13,(anonymous_2)
DA:5,2
DA:6,14
DA:7,14
DA:9,14
DA:11,14
DA:12,14
DA:30,2
DA:31,3
DA:32,13
LF:9
LH:9
BRF:0
BRH:0
end_of_record
